2023-06-30 10:06:254 INFO  StartPage :29 - click startbtn [[ChromeDriver: chrome on WINDOWS (d66964c289a6ef9adfdad3559fe0f224)] -> css selector: a[class='gem-c-button govuk-button govuk-button--start']]<br>
2023-06-30 10:06:754 INFO  NationalityPage :34 - naionality[[ChromeDriver: chrome on WINDOWS (d66964c289a6ef9adfdad3559fe0f224)] -> xpath: //select[@id='response']]<br>
2023-06-30 10:06:968 INFO  NationalityPage :39 - click continue[[ChromeDriver: chrome on WINDOWS (d66964c289a6ef9adfdad3559fe0f224)] -> xpath: //button[@class='gem-c-button govuk-button gem-c-button--bottom-margin']]<br>
2023-06-30 10:06:370 INFO  ReasonForTravelPage :49 - select work from list [[ChromeDriver: chrome on WINDOWS (d66964c289a6ef9adfdad3559fe0f224)] -> id: response-1]<br>
2023-06-30 10:06:472 INFO  ReasonForTravelPage :69 - continue btn [[ChromeDriver: chrome on WINDOWS (d66964c289a6ef9adfdad3559fe0f224)] -> xpath: //button[@class='gem-c-button govuk-button gem-c-button--bottom-margin']]<br>
2023-06-30 10:06:819 INFO  DurationOfStayPage :36 - more than 6 months[[ChromeDriver: chrome on WINDOWS (d66964c289a6ef9adfdad3559fe0f224)] -> id: response-1]<br>
2023-06-30 10:06:225 INFO  ReasonForTravelPage :53 - select job [[ChromeDriver: chrome on WINDOWS (d66964c289a6ef9adfdad3559fe0f224)] -> id: response-0]<br>
2023-06-30 10:06:660 INFO  ReasonForTravelPage :57 - welcome message [[ChromeDriver: chrome on WINDOWS (d66964c289a6ef9adfdad3559fe0f224)] -> xpath: //h2[@class='gem-c-heading gem-c-heading--font-size-27 govuk-!-margin-bottom-6']]<br>
2023-06-30 10:06:592 INFO  StartPage :29 - click startbtn [[ChromeDriver: chrome on WINDOWS (e3efc618acdfd4ab3b4252ad7235cdfc)] -> css selector: a[class='gem-c-button govuk-button govuk-button--start']]<br>
2023-06-30 10:06:963 INFO  NationalityPage :34 - naionality[[ChromeDriver: chrome on WINDOWS (e3efc618acdfd4ab3b4252ad7235cdfc)] -> xpath: //select[@id='response']]<br>
2023-06-30 10:06:68 INFO  NationalityPage :39 - click continue[[ChromeDriver: chrome on WINDOWS (e3efc618acdfd4ab3b4252ad7235cdfc)] -> xpath: //button[@class='gem-c-button govuk-button gem-c-button--bottom-margin']]<br>
2023-06-30 10:06:347 INFO  ReasonForTravelPage :65 - reson for traveling [[ChromeDriver: chrome on WINDOWS (e3efc618acdfd4ab3b4252ad7235cdfc)] -> id: response-0]<br>
2023-06-30 10:06:412 INFO  ReasonForTravelPage :69 - continue btn [[ChromeDriver: chrome on WINDOWS (e3efc618acdfd4ab3b4252ad7235cdfc)] -> xpath: //button[@class='gem-c-button govuk-button gem-c-button--bottom-margin']]<br>
2023-06-30 10:06:741 INFO  ReasonForTravelPage :45 - navigation message [[ChromeDriver: chrome on WINDOWS (e3efc618acdfd4ab3b4252ad7235cdfc)] -> xpath: //h2[@class='gem-c-heading gem-c-heading--font-size-27 govuk-!-margin-bottom-6']]<br>
2023-06-30 10:06:562 INFO  StartPage :29 - click startbtn [[ChromeDriver: chrome on WINDOWS (cb21a1e1a1da72b72c379138b9d6512f)] -> css selector: a[class='gem-c-button govuk-button govuk-button--start']]<br>
2023-06-30 10:06:872 INFO  NationalityPage :34 - naionality[[ChromeDriver: chrome on WINDOWS (cb21a1e1a1da72b72c379138b9d6512f)] -> xpath: //select[@id='response']]<br>
2023-06-30 10:06:967 INFO  NationalityPage :39 - click continue[[ChromeDriver: chrome on WINDOWS (cb21a1e1a1da72b72c379138b9d6512f)] -> xpath: //button[@class='gem-c-button govuk-button gem-c-button--bottom-margin']]<br>
2023-06-30 10:06:383 INFO  ReasonForTravelPage :69 - continue btn [[ChromeDriver: chrome on WINDOWS (cb21a1e1a1da72b72c379138b9d6512f)] -> xpath: //button[@class='gem-c-button govuk-button gem-c-button--bottom-margin']]<br>
2023-06-30 10:06:84 INFO  ReasonForTravelPage :57 - welcome message [[ChromeDriver: chrome on WINDOWS (cb21a1e1a1da72b72c379138b9d6512f)] -> xpath: //h2[@class='gem-c-heading gem-c-heading--font-size-27 govuk-!-margin-bottom-6']]<br>
2023-06-30 11:06:983 INFO  StartPage :29 - click startbtn [[ChromeDriver: chrome on WINDOWS (cd31763152b44ae45eebe866b8778614)] -> css selector: a[class='gem-c-button govuk-button govuk-button--start']]<br>
2023-06-30 11:06:460 INFO  NationalityPage :34 - naionality[[ChromeDriver: chrome on WINDOWS (cd31763152b44ae45eebe866b8778614)] -> xpath: //select[@id='response']]<br>
2023-06-30 11:06:649 INFO  NationalityPage :39 - click continue[[ChromeDriver: chrome on WINDOWS (cd31763152b44ae45eebe866b8778614)] -> xpath: //button[@class='gem-c-button govuk-button gem-c-button--bottom-margin']]<br>
2023-06-30 11:06:980 INFO  ReasonForTravelPage :49 - select work from list [[ChromeDriver: chrome on WINDOWS (cd31763152b44ae45eebe866b8778614)] -> id: response-1]<br>
2023-06-30 11:06:90 INFO  ReasonForTravelPage :69 - continue btn [[ChromeDriver: chrome on WINDOWS (cd31763152b44ae45eebe866b8778614)] -> xpath: //button[@class='gem-c-button govuk-button gem-c-button--bottom-margin']]<br>
2023-06-30 11:06:401 INFO  DurationOfStayPage :36 - more than 6 months[[ChromeDriver: chrome on WINDOWS (cd31763152b44ae45eebe866b8778614)] -> id: response-1]<br>
2023-06-30 11:06:819 INFO  ReasonForTravelPage :53 - select job [[ChromeDriver: chrome on WINDOWS (cd31763152b44ae45eebe866b8778614)] -> id: response-0]<br>
2023-06-30 11:06:246 INFO  ReasonForTravelPage :57 - welcome message [[ChromeDriver: chrome on WINDOWS (cd31763152b44ae45eebe866b8778614)] -> xpath: //h2[@class='gem-c-heading gem-c-heading--font-size-27 govuk-!-margin-bottom-6']]<br>
2023-06-30 11:06:221 INFO  StartPage :29 - click startbtn [[ChromeDriver: chrome on WINDOWS (35718644eba92fd23674743ecf86ac51)] -> css selector: a[class='gem-c-button govuk-button govuk-button--start']]<br>
2023-06-30 11:06:542 INFO  NationalityPage :34 - naionality[[ChromeDriver: chrome on WINDOWS (35718644eba92fd23674743ecf86ac51)] -> xpath: //select[@id='response']]<br>
2023-06-30 11:06:648 INFO  NationalityPage :39 - click continue[[ChromeDriver: chrome on WINDOWS (35718644eba92fd23674743ecf86ac51)] -> xpath: //button[@class='gem-c-button govuk-button gem-c-button--bottom-margin']]<br>
2023-06-30 11:06:920 INFO  ReasonForTravelPage :65 - reson for traveling [[ChromeDriver: chrome on WINDOWS (35718644eba92fd23674743ecf86ac51)] -> id: response-0]<br>
2023-06-30 11:06:969 INFO  ReasonForTravelPage :69 - continue btn [[ChromeDriver: chrome on WINDOWS (35718644eba92fd23674743ecf86ac51)] -> xpath: //button[@class='gem-c-button govuk-button gem-c-button--bottom-margin']]<br>
2023-06-30 11:06:322 INFO  ReasonForTravelPage :45 - navigation message [[ChromeDriver: chrome on WINDOWS (35718644eba92fd23674743ecf86ac51)] -> xpath: //h2[@class='gem-c-heading gem-c-heading--font-size-27 govuk-!-margin-bottom-6']]<br>
2023-06-30 11:06:61 INFO  StartPage :29 - click startbtn [[ChromeDriver: chrome on WINDOWS (1a851269bb8d378f9164b81151ef25a2)] -> css selector: a[class='gem-c-button govuk-button govuk-button--start']]<br>
2023-06-30 11:06:394 INFO  NationalityPage :34 - naionality[[ChromeDriver: chrome on WINDOWS (1a851269bb8d378f9164b81151ef25a2)] -> xpath: //select[@id='response']]<br>
2023-06-30 11:06:574 INFO  NationalityPage :39 - click continue[[ChromeDriver: chrome on WINDOWS (1a851269bb8d378f9164b81151ef25a2)] -> xpath: //button[@class='gem-c-button govuk-button gem-c-button--bottom-margin']]<br>
2023-06-30 11:06:968 INFO  ReasonForTravelPage :69 - continue btn [[ChromeDriver: chrome on WINDOWS (1a851269bb8d378f9164b81151ef25a2)] -> xpath: //button[@class='gem-c-button govuk-button gem-c-button--bottom-margin']]<br>
2023-06-30 11:06:562 INFO  ReasonForTravelPage :57 - welcome message [[ChromeDriver: chrome on WINDOWS (1a851269bb8d378f9164b81151ef25a2)] -> xpath: //h2[@class='gem-c-heading gem-c-heading--font-size-27 govuk-!-margin-bottom-6']]<br>
2023-06-30 11:06:356 INFO  StartPage :29 - click startbtn [[ChromeDriver: chrome on WINDOWS (7742fb77a3b2f012bb86507ccb261acd)] -> css selector: a[class='gem-c-button govuk-button govuk-button--start']]<br>
2023-06-30 11:06:755 INFO  NationalityPage :34 - naionality[[ChromeDriver: chrome on WINDOWS (7742fb77a3b2f012bb86507ccb261acd)] -> xpath: //select[@id='response']]<br>
2023-06-30 11:06:01 INFO  NationalityPage :39 - click continue[[ChromeDriver: chrome on WINDOWS (7742fb77a3b2f012bb86507ccb261acd)] -> xpath: //button[@class='gem-c-button govuk-button gem-c-button--bottom-margin']]<br>
2023-06-30 11:06:257 INFO  ReasonForTravelPage :49 - select work from list [[ChromeDriver: chrome on WINDOWS (7742fb77a3b2f012bb86507ccb261acd)] -> id: response-1]<br>
2023-06-30 11:06:383 INFO  ReasonForTravelPage :69 - continue btn [[ChromeDriver: chrome on WINDOWS (7742fb77a3b2f012bb86507ccb261acd)] -> xpath: //button[@class='gem-c-button govuk-button gem-c-button--bottom-margin']]<br>
2023-06-30 11:06:615 INFO  DurationOfStayPage :36 - more than 6 months[[ChromeDriver: chrome on WINDOWS (7742fb77a3b2f012bb86507ccb261acd)] -> id: response-1]<br>
2023-06-30 11:06:897 INFO  ReasonForTravelPage :53 - select job [[ChromeDriver: chrome on WINDOWS (7742fb77a3b2f012bb86507ccb261acd)] -> id: response-0]<br>
2023-06-30 11:06:205 INFO  ReasonForTravelPage :57 - welcome message [[ChromeDriver: chrome on WINDOWS (7742fb77a3b2f012bb86507ccb261acd)] -> xpath: //h2[@class='gem-c-heading gem-c-heading--font-size-27 govuk-!-margin-bottom-6']]<br>
2023-06-30 11:06:143 INFO  StartPage :29 - click startbtn [[ChromeDriver: chrome on WINDOWS (121c172711e12722afbcd7c4d1553960)] -> css selector: a[class='gem-c-button govuk-button govuk-button--start']]<br>
2023-06-30 11:06:519 INFO  NationalityPage :34 - naionality[[ChromeDriver: chrome on WINDOWS (121c172711e12722afbcd7c4d1553960)] -> xpath: //select[@id='response']]<br>
2023-06-30 11:06:629 INFO  NationalityPage :39 - click continue[[ChromeDriver: chrome on WINDOWS (121c172711e12722afbcd7c4d1553960)] -> xpath: //button[@class='gem-c-button govuk-button gem-c-button--bottom-margin']]<br>
2023-06-30 11:06:832 INFO  ReasonForTravelPage :65 - reson for traveling [[ChromeDriver: chrome on WINDOWS (121c172711e12722afbcd7c4d1553960)] -> id: response-0]<br>
2023-06-30 11:06:904 INFO  ReasonForTravelPage :69 - continue btn [[ChromeDriver: chrome on WINDOWS (121c172711e12722afbcd7c4d1553960)] -> xpath: //button[@class='gem-c-button govuk-button gem-c-button--bottom-margin']]<br>
2023-06-30 11:06:96 INFO  ReasonForTravelPage :45 - navigation message [[ChromeDriver: chrome on WINDOWS (121c172711e12722afbcd7c4d1553960)] -> xpath: //h2[@class='gem-c-heading gem-c-heading--font-size-27 govuk-!-margin-bottom-6']]<br>
2023-06-30 11:06:917 INFO  StartPage :29 - click startbtn [[ChromeDriver: chrome on WINDOWS (327874392deeeb349723ea216661cf8c)] -> css selector: a[class='gem-c-button govuk-button govuk-button--start']]<br>
2023-06-30 11:06:327 INFO  NationalityPage :34 - naionality[[ChromeDriver: chrome on WINDOWS (327874392deeeb349723ea216661cf8c)] -> xpath: //select[@id='response']]<br>
2023-06-30 11:06:443 INFO  NationalityPage :39 - click continue[[ChromeDriver: chrome on WINDOWS (327874392deeeb349723ea216661cf8c)] -> xpath: //button[@class='gem-c-button govuk-button gem-c-button--bottom-margin']]<br>
2023-06-30 11:06:707 INFO  ReasonForTravelPage :69 - continue btn [[ChromeDriver: chrome on WINDOWS (327874392deeeb349723ea216661cf8c)] -> xpath: //button[@class='gem-c-button govuk-button gem-c-button--bottom-margin']]<br>
2023-06-30 11:06:312 INFO  ReasonForTravelPage :57 - welcome message [[ChromeDriver: chrome on WINDOWS (327874392deeeb349723ea216661cf8c)] -> xpath: //h2[@class='gem-c-heading gem-c-heading--font-size-27 govuk-!-margin-bottom-6']]<br>
2023-06-30 11:06:702 INFO  StartPage :29 - click startbtn [[ChromeDriver: chrome on WINDOWS (3d4d4cb1a3ba80b7275462bb6afe0901)] -> css selector: a[class='gem-c-button govuk-button govuk-button--start']]<br>
2023-06-30 11:06:141 INFO  NationalityPage :34 - naionality[[ChromeDriver: chrome on WINDOWS (3d4d4cb1a3ba80b7275462bb6afe0901)] -> xpath: //select[@id='response']]<br>
2023-06-30 11:06:310 INFO  NationalityPage :39 - click continue[[ChromeDriver: chrome on WINDOWS (3d4d4cb1a3ba80b7275462bb6afe0901)] -> xpath: //button[@class='gem-c-button govuk-button gem-c-button--bottom-margin']]<br>
2023-06-30 11:06:524 INFO  ReasonForTravelPage :49 - select work from list [[ChromeDriver: chrome on WINDOWS (3d4d4cb1a3ba80b7275462bb6afe0901)] -> id: response-1]<br>
2023-06-30 11:06:596 INFO  ReasonForTravelPage :69 - continue btn [[ChromeDriver: chrome on WINDOWS (3d4d4cb1a3ba80b7275462bb6afe0901)] -> xpath: //button[@class='gem-c-button govuk-button gem-c-button--bottom-margin']]<br>
2023-06-30 11:06:777 INFO  DurationOfStayPage :36 - more than 6 months[[ChromeDriver: chrome on WINDOWS (3d4d4cb1a3ba80b7275462bb6afe0901)] -> id: response-1]<br>
2023-06-30 11:06:41 INFO  ReasonForTravelPage :53 - select job [[ChromeDriver: chrome on WINDOWS (3d4d4cb1a3ba80b7275462bb6afe0901)] -> id: response-0]<br>
2023-06-30 11:06:446 INFO  ReasonForTravelPage :57 - welcome message [[ChromeDriver: chrome on WINDOWS (3d4d4cb1a3ba80b7275462bb6afe0901)] -> xpath: //h2[@class='gem-c-heading gem-c-heading--font-size-27 govuk-!-margin-bottom-6']]<br>
2023-06-30 11:06:792 INFO  StartPage :29 - click startbtn [[ChromeDriver: chrome on WINDOWS (89238a77b0d983d0df002b3e2cc30a21)] -> css selector: a[class='gem-c-button govuk-button govuk-button--start']]<br>
2023-06-30 11:06:366 INFO  NationalityPage :34 - naionality[[ChromeDriver: chrome on WINDOWS (89238a77b0d983d0df002b3e2cc30a21)] -> xpath: //select[@id='response']]<br>
2023-06-30 11:06:514 INFO  NationalityPage :39 - click continue[[ChromeDriver: chrome on WINDOWS (89238a77b0d983d0df002b3e2cc30a21)] -> xpath: //button[@class='gem-c-button govuk-button gem-c-button--bottom-margin']]<br>
2023-06-30 11:06:676 INFO  ReasonForTravelPage :65 - reson for traveling [[ChromeDriver: chrome on WINDOWS (89238a77b0d983d0df002b3e2cc30a21)] -> id: response-0]<br>
2023-06-30 11:06:729 INFO  ReasonForTravelPage :69 - continue btn [[ChromeDriver: chrome on WINDOWS (89238a77b0d983d0df002b3e2cc30a21)] -> xpath: //button[@class='gem-c-button govuk-button gem-c-button--bottom-margin']]<br>
2023-06-30 11:06:966 INFO  ReasonForTravelPage :45 - navigation message [[ChromeDriver: chrome on WINDOWS (89238a77b0d983d0df002b3e2cc30a21)] -> xpath: //h2[@class='gem-c-heading gem-c-heading--font-size-27 govuk-!-margin-bottom-6']]<br>
2023-06-30 11:06:791 INFO  StartPage :29 - click startbtn [[ChromeDriver: chrome on WINDOWS (33b69d29bfd57e3c6f9a6eb1906679e9)] -> css selector: a[class='gem-c-button govuk-button govuk-button--start']]<br>
2023-06-30 11:06:535 INFO  NationalityPage :34 - naionality[[ChromeDriver: chrome on WINDOWS (33b69d29bfd57e3c6f9a6eb1906679e9)] -> xpath: //select[@id='response']]<br>
2023-06-30 11:06:784 INFO  NationalityPage :39 - click continue[[ChromeDriver: chrome on WINDOWS (33b69d29bfd57e3c6f9a6eb1906679e9)] -> xpath: //button[@class='gem-c-button govuk-button gem-c-button--bottom-margin']]<br>
2023-06-30 11:06:149 INFO  ReasonForTravelPage :69 - continue btn [[ChromeDriver: chrome on WINDOWS (33b69d29bfd57e3c6f9a6eb1906679e9)] -> xpath: //button[@class='gem-c-button govuk-button gem-c-button--bottom-margin']]<br>
2023-06-30 11:06:932 INFO  ReasonForTravelPage :57 - welcome message [[ChromeDriver: chrome on WINDOWS (33b69d29bfd57e3c6f9a6eb1906679e9)] -> xpath: //h2[@class='gem-c-heading gem-c-heading--font-size-27 govuk-!-margin-bottom-6']]<br>
2023-06-30 21:06:674 INFO  StartPage :29 - click startbtn [[ChromeDriver: chrome on WINDOWS (3ae74fcbb315df163bae283d8e653383)] -> css selector: a[class='gem-c-button govuk-button govuk-button--start']]<br>
2023-06-30 21:06:134 INFO  NationalityPage :34 - naionality[[ChromeDriver: chrome on WINDOWS (3ae74fcbb315df163bae283d8e653383)] -> xpath: //select[@id='response']]<br>
2023-06-30 21:06:430 INFO  NationalityPage :39 - click continue[[ChromeDriver: chrome on WINDOWS (3ae74fcbb315df163bae283d8e653383)] -> xpath: //button[@class='gem-c-button govuk-button gem-c-button--bottom-margin']]<br>
2023-06-30 21:06:885 INFO  ReasonForTravelPage :49 - select work from list [[ChromeDriver: chrome on WINDOWS (3ae74fcbb315df163bae283d8e653383)] -> id: response-1]<br>
2023-06-30 21:06:89 INFO  ReasonForTravelPage :69 - continue btn [[ChromeDriver: chrome on WINDOWS (3ae74fcbb315df163bae283d8e653383)] -> xpath: //button[@class='gem-c-button govuk-button gem-c-button--bottom-margin']]<br>
2023-06-30 21:06:568 INFO  DurationOfStayPage :36 - more than 6 months[[ChromeDriver: chrome on WINDOWS (3ae74fcbb315df163bae283d8e653383)] -> id: response-1]<br>
2023-06-30 21:06:191 INFO  ReasonForTravelPage :53 - select job [[ChromeDriver: chrome on WINDOWS (3ae74fcbb315df163bae283d8e653383)] -> id: response-0]<br>
2023-06-30 21:06:853 INFO  ReasonForTravelPage :57 - welcome message [[ChromeDriver: chrome on WINDOWS (3ae74fcbb315df163bae283d8e653383)] -> xpath: //h2[@class='gem-c-heading gem-c-heading--font-size-27 govuk-!-margin-bottom-6']]<br>
2023-06-30 21:06:274 INFO  StartPage :29 - click startbtn [[ChromeDriver: chrome on WINDOWS (43f21577fa78c3b6c41218577a112880)] -> css selector: a[class='gem-c-button govuk-button govuk-button--start']]<br>
2023-06-30 21:06:822 INFO  NationalityPage :34 - naionality[[ChromeDriver: chrome on WINDOWS (43f21577fa78c3b6c41218577a112880)] -> xpath: //select[@id='response']]<br>
2023-06-30 21:06:103 INFO  NationalityPage :39 - click continue[[ChromeDriver: chrome on WINDOWS (43f21577fa78c3b6c41218577a112880)] -> xpath: //button[@class='gem-c-button govuk-button gem-c-button--bottom-margin']]<br>
2023-06-30 21:06:727 INFO  ReasonForTravelPage :65 - reson for traveling [[ChromeDriver: chrome on WINDOWS (43f21577fa78c3b6c41218577a112880)] -> id: response-0]<br>
2023-06-30 21:06:907 INFO  ReasonForTravelPage :69 - continue btn [[ChromeDriver: chrome on WINDOWS (43f21577fa78c3b6c41218577a112880)] -> xpath: //button[@class='gem-c-button govuk-button gem-c-button--bottom-margin']]<br>
2023-06-30 21:06:423 INFO  ReasonForTravelPage :45 - navigation message [[ChromeDriver: chrome on WINDOWS (43f21577fa78c3b6c41218577a112880)] -> xpath: //h2[@class='gem-c-heading gem-c-heading--font-size-27 govuk-!-margin-bottom-6']]<br>
2023-06-30 21:06:720 INFO  StartPage :29 - click startbtn [[ChromeDriver: chrome on WINDOWS (6727be9acd2d0fa2df42f14cdeb99925)] -> css selector: a[class='gem-c-button govuk-button govuk-button--start']]<br>
2023-06-30 21:06:189 INFO  NationalityPage :34 - naionality[[ChromeDriver: chrome on WINDOWS (6727be9acd2d0fa2df42f14cdeb99925)] -> xpath: //select[@id='response']]<br>
2023-06-30 21:06:313 INFO  NationalityPage :39 - click continue[[ChromeDriver: chrome on WINDOWS (6727be9acd2d0fa2df42f14cdeb99925)] -> xpath: //button[@class='gem-c-button govuk-button gem-c-button--bottom-margin']]<br>
2023-06-30 21:06:135 INFO  ReasonForTravelPage :69 - continue btn [[ChromeDriver: chrome on WINDOWS (6727be9acd2d0fa2df42f14cdeb99925)] -> xpath: //button[@class='gem-c-button govuk-button gem-c-button--bottom-margin']]<br>
2023-06-30 21:06:390 INFO  FamilyImigrationPage :32 - click on yes [[ChromeDriver: chrome on WINDOWS (6727be9acd2d0fa2df42f14cdeb99925)] -> id: response-0]<br>
2023-06-30 21:06:459 INFO  FamilyImigrationPage :40 - click on continue [[ChromeDriver: chrome on WINDOWS (6727be9acd2d0fa2df42f14cdeb99925)] -> css selector: button[class='gem-c-button govuk-button gem-c-button--bottom-margin']]<br>
2023-06-30 21:06:826 INFO  ReasonForTravelPage :57 - welcome message [[ChromeDriver: chrome on WINDOWS (6727be9acd2d0fa2df42f14cdeb99925)] -> xpath: //h2[@class='gem-c-heading gem-c-heading--font-size-27 govuk-!-margin-bottom-6']]<br>
2023-06-30 22:06:477 INFO  StartPage :29 - click startbtn [[ChromeDriver: chrome on WINDOWS (e275266bbb1e5bef10aba87496fc1f3e)] -> css selector: a[class='gem-c-button govuk-button govuk-button--start']]<br>
2023-06-30 22:06:758 INFO  NationalityPage :34 - naionality[[ChromeDriver: chrome on WINDOWS (e275266bbb1e5bef10aba87496fc1f3e)] -> xpath: //select[@id='response']]<br>
2023-06-30 22:06:865 INFO  NationalityPage :39 - click continue[[ChromeDriver: chrome on WINDOWS (e275266bbb1e5bef10aba87496fc1f3e)] -> xpath: //button[@class='gem-c-button govuk-button gem-c-button--bottom-margin']]<br>
2023-06-30 22:06:96 INFO  ReasonForTravelPage :49 - select work from list [[ChromeDriver: chrome on WINDOWS (e275266bbb1e5bef10aba87496fc1f3e)] -> id: response-1]<br>
2023-06-30 22:06:149 INFO  ReasonForTravelPage :69 - continue btn [[ChromeDriver: chrome on WINDOWS (e275266bbb1e5bef10aba87496fc1f3e)] -> xpath: //button[@class='gem-c-button govuk-button gem-c-button--bottom-margin']]<br>
2023-06-30 22:06:379 INFO  DurationOfStayPage :36 - more than 6 months[[ChromeDriver: chrome on WINDOWS (e275266bbb1e5bef10aba87496fc1f3e)] -> id: response-1]<br>
2023-06-30 22:06:682 INFO  ReasonForTravelPage :53 - select job [[ChromeDriver: chrome on WINDOWS (e275266bbb1e5bef10aba87496fc1f3e)] -> id: response-0]<br>
2023-06-30 22:06:47 INFO  ReasonForTravelPage :57 - welcome message [[ChromeDriver: chrome on WINDOWS (e275266bbb1e5bef10aba87496fc1f3e)] -> xpath: //h2[@class='gem-c-heading gem-c-heading--font-size-27 govuk-!-margin-bottom-6']]<br>
2023-06-30 22:06:151 INFO  StartPage :29 - click startbtn [[ChromeDriver: chrome on WINDOWS (bb528834ae90f120a3ee8abfa693dc4d)] -> css selector: a[class='gem-c-button govuk-button govuk-button--start']]<br>
2023-06-30 22:06:499 INFO  NationalityPage :34 - naionality[[ChromeDriver: chrome on WINDOWS (bb528834ae90f120a3ee8abfa693dc4d)] -> xpath: //select[@id='response']]<br>
2023-06-30 22:06:598 INFO  NationalityPage :39 - click continue[[ChromeDriver: chrome on WINDOWS (bb528834ae90f120a3ee8abfa693dc4d)] -> xpath: //button[@class='gem-c-button govuk-button gem-c-button--bottom-margin']]<br>
2023-06-30 22:06:837 INFO  ReasonForTravelPage :65 - reson for traveling [[ChromeDriver: chrome on WINDOWS (bb528834ae90f120a3ee8abfa693dc4d)] -> id: response-0]<br>
2023-06-30 22:06:890 INFO  ReasonForTravelPage :69 - continue btn [[ChromeDriver: chrome on WINDOWS (bb528834ae90f120a3ee8abfa693dc4d)] -> xpath: //button[@class='gem-c-button govuk-button gem-c-button--bottom-margin']]<br>
2023-06-30 22:06:184 INFO  ReasonForTravelPage :45 - navigation message [[ChromeDriver: chrome on WINDOWS (bb528834ae90f120a3ee8abfa693dc4d)] -> xpath: //h2[@class='gem-c-heading gem-c-heading--font-size-27 govuk-!-margin-bottom-6']]<br>
2023-06-30 22:06:343 INFO  StartPage :29 - click startbtn [[ChromeDriver: chrome on WINDOWS (77b6ca4943d43503353959732fa95dd6)] -> css selector: a[class='gem-c-button govuk-button govuk-button--start']]<br>
2023-06-30 22:06:597 INFO  NationalityPage :34 - naionality[[ChromeDriver: chrome on WINDOWS (77b6ca4943d43503353959732fa95dd6)] -> xpath: //select[@id='response']]<br>
2023-06-30 22:06:691 INFO  NationalityPage :39 - click continue[[ChromeDriver: chrome on WINDOWS (77b6ca4943d43503353959732fa95dd6)] -> xpath: //button[@class='gem-c-button govuk-button gem-c-button--bottom-margin']]<br>
2023-06-30 22:06:986 INFO  ReasonForTravelPage :69 - continue btn [[ChromeDriver: chrome on WINDOWS (77b6ca4943d43503353959732fa95dd6)] -> xpath: //button[@class='gem-c-button govuk-button gem-c-button--bottom-margin']]<br>
2023-06-30 22:06:338 INFO  FamilyImigrationPage :32 - click on yes [[ChromeDriver: chrome on WINDOWS (77b6ca4943d43503353959732fa95dd6)] -> id: response-0]<br>
2023-06-30 22:06:389 INFO  FamilyImigrationPage :40 - click on continue [[ChromeDriver: chrome on WINDOWS (77b6ca4943d43503353959732fa95dd6)] -> css selector: button[class='gem-c-button govuk-button gem-c-button--bottom-margin']]<br>
2023-06-30 22:06:641 INFO  ReasonForTravelPage :57 - welcome message [[ChromeDriver: chrome on WINDOWS (77b6ca4943d43503353959732fa95dd6)] -> xpath: //h2[@class='gem-c-heading gem-c-heading--font-size-27 govuk-!-margin-bottom-6']]<br>
